<?xml version="1.0" encoding="UTF-8"?>
<!-- Generated by org.testng.reporters.JUnitReportReporter -->
<testsuite hostname="Asplap999" failures="0" tests="2" name="com.examples.TestNgExample" time="0.006" errors="0" timestamp="2026-07-04T19:20:10 IST" skipped="0">
  <testcase classname="com.examples.TestNgExample" name="test2" time="0.002"/>
  <system-out/>
  <testcase classname="com.examples.TestNgExample" name="test1" time="0.004"/>
  <system-out/>
</testsuite> <!-- com.examples.TestNgExample -->
