<?xml version="1.0" encoding="UTF-8"?>
<!-- Generated by org.testng.reporters.JUnitReportReporter -->
<testsuite hostname="Asplap999" failures="0" tests="2" name="com.examples.TestNgAnnotationExample" time="0.008" errors="0" timestamp="2025-06-18T10:25:27 IST" skipped="0">
  <testcase classname="com.examples.TestNgAnnotationExample" name="test1" time="0.006"/>
  <system-out/>
  <testcase classname="com.examples.TestNgAnnotationExample" name="test2" time="0.002"/>
  <system-out/>
</testsuite> <!-- com.examples.TestNgAnnotationExample -->
