<?xml version="1.0" encoding="UTF-8"?>
<!-- Generated by org.testng.reporters.JUnitXMLReporter -->
<testsuite ignored="1" hostname="Asplap999" failures="0" tests="2" name="ChromeLoginTest" time="19.698" errors="0" timestamp="2025-09-16T11:17:09 IST">
  <testcase classname="com.examples.CrossBrowserAndParallel" name="commonTest" time="0.034"/>
  <testcase classname="com.examples.CrossBrowserAndParallel" name="loginTest" time="3.632"/>
  <testcase classname="com.examples.CrossBrowserAndParallel" name="searchTest" time="0.0">
    <ignored/>
  </testcase> <!-- searchTest -->
</testsuite> <!-- ChromeLoginTest -->
